# JRE version: Java(TM) SE Runtime Environment (8.0_66-b17) (build 1.8.0_66-b17)
# Java VM: Java HotSpot(TM) 64-Bit Server VM (25.66-b17 mixed mode linux-amd64 )
Heap:
 PSYoungGen      total 21333504K, used 292205K [0x00007f3ef2d80000, 0x00007f443d000000, 0x00007f443d000000)
  eden space 20480512K, 0% used [0x00007f3ef2d80000,0x00007f3ef2d80000,0x00007f43d4e00000)
  from space 852992K, 34% used [0x00007f43d4e00000,0x00007f43e6b5b618,0x00007f4408f00000)
  to   space 852992K, 0% used [0x00007f4408f00000,0x00007f4408f00000,0x00007f443d000000)
 ParOldGen       total 20673536K, used 20673531K [0x00007f345e800000, 0x00007f394c500000, 0x00007f3ef2d80000)
  object space 20673536K, 99% used [0x00007f345e800000,0x00007f394c4fec70,0x00007f394c500000)
 Metaspace       used 5363K, capacity 5409K, committed 5632K, reserved 8192K
GC Heap History (10 events):
Event: 6.756 GC heap after
Heap after GC invocations=1 (full 0):
 PSYoungGen      total 5973504K, used 178762K [0x00007f3ef2d80000, 0x00007f41cc080000, 0x00007f443d000000)
  eden space 5120512K, 0% used [0x00007f3ef2d80000,0x00007f3ef2d80000,0x00007f402b600000)
  from space 852992K, 20% used [0x00007f402b600000,0x00007f4036492ac8,0x00007f405f700000)
  to   space 852992K, 0% used [0x00007f4197f80000,0x00007f4197f80000,0x00007f41cc080000)
 ParOldGen       total 13653504K, used 27K [0x00007f345e800000, 0x00007f379fd80000, 0x00007f3ef2d80000)
  object space 13653504K, 0% used [0x00007f345e800000,0x00007f345e806c58,0x00007f379fd80000)
 Metaspace       used 5168K, capacity 5217K, committed 5376K, reserved 8192K
}
Event: 9.808 GC heap before
{Heap before GC invocations=2 (full 0):
 PSYoungGen      total 5973504K, used 5299274K [0x00007f3ef2d80000, 0x00007f41cc080000, 0x00007f443d000000)
  eden space 5120512K, 100% used [0x00007f3ef2d80000,0x00007f402b600000,0x00007f402b600000)
  from space 852992K, 20% used [0x00007f402b600000,0x00007f4036492ac8,0x00007f405f700000)
  to   space 852992K, 0% used [0x00007f4197f80000,0x00007f4197f80000,0x00007f41cc080000)
 ParOldGen       total 13653504K, used 27K [0x00007f345e800000, 0x00007f379fd80000, 0x00007f3ef2d80000)
  object space 13653504K, 0% used [0x00007f345e800000,0x00007f345e806c58,0x00007f379fd80000)
 Metaspace       used 5196K, capacity 5281K, committed 5376K, reserved 8192K
Event: 10.053 GC heap after
Heap after GC invocations=2 (full 0):
 PSYoungGen      total 11094016K, used 186355K [0x00007f3ef2d80000, 0x00007f41cc080000, 0x00007f443d000000)
  eden space 10241024K, 0% used [0x00007f3ef2d80000,0x00007f3ef2d80000,0x00007f4163e80000)
  from space 852992K, 21% used [0x00007f4197f80000,0x00007f41a357cd48,0x00007f41cc080000)
  to   space 852992K, 0% used [0x00007f4163e80000,0x00007f4163e80000,0x00007f4197f80000)
 ParOldGen       total 13653504K, used 35K [0x00007f345e800000, 0x00007f379fd80000, 0x00007f3ef2d80000)
  object space 13653504K, 0% used [0x00007f345e800000,0x00007f345e808c58,0x00007f379fd80000)
 Metaspace       used 5196K, capacity 5281K, committed 5376K, reserved 8192K
}
Event: 19.488 GC heap before
{Heap before GC invocations=3 (full 0):
 PSYoungGen      total 11094016K, used 10427379K [0x00007f3ef2d80000, 0x00007f41cc080000, 0x00007f443d000000)
  eden space 10241024K, 100% used [0x00007f3ef2d80000,0x00007f4163e80000,0x00007f4163e80000)
  from space 852992K, 21% used [0x00007f4197f80000,0x00007f41a357cd48,0x00007f41cc080000)
  to   space 852992K, 0% used [0x00007f4163e80000,0x00007f4163e80000,0x00007f4197f80000)
 ParOldGen       total 13653504K, used 35K [0x00007f345e800000, 0x00007f379fd80000, 0x00007f3ef2d80000)
  object space 13653504K, 0% used [0x00007f345e800000,0x00007f345e808c58,0x00007f379fd80000)
 Metaspace       used 5215K, capacity 5281K, committed 5376K, reserved 8192K
Event: 19.678 GC heap after
Heap after GC invocations=3 (full 0):
 PSYoungGen      total 11094016K, used 201421K [0x00007f3ef2d80000, 0x00007f443d000000, 0x00007f443d000000)
  eden space 10241024K, 0% used [0x00007f3ef2d80000,0x00007f3ef2d80000,0x00007f4163e80000)
  from space 852992K, 23% used [0x00007f4163e80000,0x00007f41703335a0,0x00007f4197f80000)
  to   space 852992K, 0% used [0x00007f4408f00000,0x00007f4408f00000,0x00007f443d000000)
 ParOldGen       total 13653504K, used 171K [0x00007f345e800000, 0x00007f379fd80000, 0x00007f3ef2d80000)
  object space 13653504K, 0% used [0x00007f345e800000,0x00007f345e82ac70,0x00007f379fd80000)
 Metaspace       used 5215K, capacity 5281K, committed 5376K, reserved 8192K
}
Event: 25.951 GC heap before
{Heap before GC invocations=4 (full 0):
 PSYoungGen      total 11094016K, used 10442445K [0x00007f3ef2d80000, 0x00007f443d000000, 0x00007f443d000000)
  eden space 10241024K, 100% used [0x00007f3ef2d80000,0x00007f4163e80000,0x00007f4163e80000)
  from space 852992K, 23% used [0x00007f4163e80000,0x00007f41703335a0,0x00007f4197f80000)
  to   space 852992K, 0% used [0x00007f4408f00000,0x00007f4408f00000,0x00007f443d000000)
 ParOldGen       total 13653504K, used 171K [0x00007f345e800000, 0x00007f379fd80000, 0x00007f3ef2d80000)
  object space 13653504K, 0% used [0x00007f345e800000,0x00007f345e82ac70,0x00007f379fd80000)
 Metaspace       used 5320K, capacity 5345K, committed 5376K, reserved 8192K
Event: 28.051 GC heap after
Heap after GC invocations=4 (full 0):
 PSYoungGen      total 21333504K, used 852984K [0x00007f3ef2d80000, 0x00007f443d000000, 0x00007f443d000000)
  eden space 20480512K, 0% used [0x00007f3ef2d80000,0x00007f3ef2d80000,0x00007f43d4e00000)
  from space 852992K, 99% used [0x00007f4408f00000,0x00007f443cffe360,0x00007f443d000000)
  to   space 852992K, 0% used [0x00007f43d4e00000,0x00007f43d4e00000,0x00007f4408f00000)
 ParOldGen       total 13653504K, used 2053500K [0x00007f345e800000, 0x00007f379fd80000, 0x00007f3ef2d80000)
  object space 13653504K, 15% used [0x00007f345e800000,0x00007f34dbd5f2d0,0x00007f379fd80000)
 Metaspace       used 5320K, capacity 5345K, committed 5376K, reserved 8192K
}
Event: 39.275 GC heap before
{Heap before GC invocations=5 (full 0):
 PSYoungGen      total 21333504K, used 21333496K [0x00007f3ef2d80000, 0x00007f443d000000, 0x00007f443d000000)
  eden space 20480512K, 100% used [0x00007f3ef2d80000,0x00007f43d4e00000,0x00007f43d4e00000)
  from space 852992K, 99% used [0x00007f4408f00000,0x00007f443cffe360,0x00007f443d000000)
  to   space 852992K, 0% used [0x00007f43d4e00000,0x00007f43d4e00000,0x00007f4408f00000)
 ParOldGen       total 13653504K, used 2053500K [0x00007f345e800000, 0x00007f379fd80000, 0x00007f3ef2d80000)
  object space 13653504K, 15% used [0x00007f345e800000,0x00007f34dbd5f2d0,0x00007f379fd80000)
 Metaspace       used 5363K, capacity 5409K, committed 5632K, reserved 8192K
Event: 60.266 GC heap after
Heap after GC invocations=5 (full 0):
 PSYoungGen      total 21333504K, used 852987K [0x00007f3ef2d80000, 0x00007f443d000000, 0x00007f443d000000)
  eden space 20480512K, 0% used [0x00007f3ef2d80000,0x00007f3ef2d80000,0x00007f43d4e00000)
  from space 852992K, 99% used [0x00007f43d4e00000,0x00007f4408efed20,0x00007f4408f00000)
  to   space 852992K, 0% used [0x00007f4408f00000,0x00007f4408f00000,0x00007f443d000000)
 ParOldGen       total 20673536K, used 20672612K [0x00007f345e800000, 0x00007f394c500000, 0x00007f3ef2d80000)
  object space 20673536K, 99% used [0x00007f345e800000,0x00007f394c4191e0,0x00007f394c500000)
 Metaspace       used 5363K, capacity 5409K, committed 5632K, reserved 8192K
}
Event: 60.276 GC heap before
{Heap before GC invocations=6 (full 1):
 PSYoungGen      total 21333504K, used 852987K [0x00007f3ef2d80000, 0x00007f443d000000, 0x00007f443d000000)
  eden space 20480512K, 0% used [0x00007f3ef2d80000,0x00007f3ef2d80000,0x00007f43d4e00000)
  from space 852992K, 99% used [0x00007f43d4e00000,0x00007f4408efed20,0x00007f4408f00000)
  to   space 852992K, 0% used [0x00007f4408f00000,0x00007f4408f00000,0x00007f443d000000)
 ParOldGen       total 20673536K, used 20672612K [0x00007f345e800000, 0x00007f394c500000, 0x00007f3ef2d80000)
  object space 20673536K, 99% used [0x00007f345e800000,0x00007f394c4191e0,0x00007f394c500000)
 Metaspace       used 5363K, capacity 5409K, committed 5632K, reserved 8192K

