# JRE version: Java(TM) SE Runtime Environment (8.0_66-b17) (build 1.8.0_66-b17)
# Java VM: Java HotSpot(TM) 64-Bit Server VM (25.66-b17 mixed mode linux-amd64 )
Heap:
 PSYoungGen      total 10834432K, used 1087158K [0x00007faa53580000, 0x00007fae65000000, 0x00007fae65000000)
  eden space 5688832K, 0% used [0x00007faa53580000,0x00007faa53580000,0x00007fabae900000)
  from space 5145600K, 21% used [0x00007fad2af00000,0x00007fad6d4ad988,0x00007fae65000000)
  to   space 5688832K, 0% used [0x00007fabae900000,0x00007fabae900000,0x00007fad09c80000)
 ParOldGen       total 25713664K, used 25713198K [0x00007fa230000000, 0x00007fa851700000, 0x00007faa53580000)
  object space 25713664K, 99% used [0x00007fa230000000,0x00007fa85168bab0,0x00007fa851700000)
 Metaspace       used 5358K, capacity 5409K, committed 5632K, reserved 8192K
GC Heap History (10 events):
Event: 52.682 GC heap after
Heap after GC invocations=9 (full 0):
 PSYoungGen      total 16560640K, used 43600K [0x00007faa53580000, 0x00007fae65000000, 0x00007fae65000000)
  eden space 16516608K, 0% used [0x00007faa53580000,0x00007faa53580000,0x00007fae43700000)
  from space 44032K, 99% used [0x00007fae43700000,0x00007fae46194018,0x00007fae46200000)
  to   space 285184K, 0% used [0x00007fae53980000,0x00007fae53980000,0x00007fae65000000)
 ParOldGen       total 13653504K, used 231591K [0x00007fa230000000, 0x00007fa571580000, 0x00007faa53580000)
  object space 13653504K, 1% used [0x00007fa230000000,0x00007fa23e229e50,0x00007fa571580000)
 Metaspace       used 5302K, capacity 5409K, committed 5632K, reserved 8192K
}
Event: 57.454 GC heap before
{Heap before GC invocations=10 (full 0):
 PSYoungGen      total 16560640K, used 16560208K [0x00007faa53580000, 0x00007fae65000000, 0x00007fae65000000)
  eden space 16516608K, 100% used [0x00007faa53580000,0x00007fae43700000,0x00007fae43700000)
  from space 44032K, 99% used [0x00007fae43700000,0x00007fae46194018,0x00007fae46200000)
  to   space 285184K, 0% used [0x00007fae53980000,0x00007fae53980000,0x00007fae65000000)
 ParOldGen       total 13653504K, used 231591K [0x00007fa230000000, 0x00007fa571580000, 0x00007faa53580000)
  object space 13653504K, 1% used [0x00007fa230000000,0x00007fa23e229e50,0x00007fa571580000)
 Metaspace       used 5358K, capacity 5409K, committed 5632K, reserved 8192K
Event: 61.018 GC heap after
Heap after GC invocations=10 (full 0):
 PSYoungGen      total 7060480K, used 285157K [0x00007faa53580000, 0x00007fae65000000, 0x00007fae65000000)
  eden space 6775296K, 0% used [0x00007faa53580000,0x00007faa53580000,0x00007fabf0e00000)
  from space 285184K, 99% used [0x00007fae53980000,0x00007fae64ff94b0,0x00007fae65000000)
  to   space 5145600K, 0% used [0x00007fabf0e00000,0x00007fabf0e00000,0x00007fad2af00000)
 ParOldGen       total 13653504K, used 13269787K [0x00007fa230000000, 0x00007fa571580000, 0x00007faa53580000)
  object space 13653504K, 97% used [0x00007fa230000000,0x00007fa559ec6ee8,0x00007fa571580000)
 Metaspace       used 5358K, capacity 5409K, committed 5632K, reserved 8192K
}
Event: 61.018 GC heap before
{Heap before GC invocations=11 (full 1):
 PSYoungGen      total 7060480K, used 285157K [0x00007faa53580000, 0x00007fae65000000, 0x00007fae65000000)
  eden space 6775296K, 0% used [0x00007faa53580000,0x00007faa53580000,0x00007fabf0e00000)
  from space 285184K, 99% used [0x00007fae53980000,0x00007fae64ff94b0,0x00007fae65000000)
  to   space 5145600K, 0% used [0x00007fabf0e00000,0x00007fabf0e00000,0x00007fad2af00000)
 ParOldGen       total 13653504K, used 13269787K [0x00007fa230000000, 0x00007fa571580000, 0x00007faa53580000)
  object space 13653504K, 97% used [0x00007fa230000000,0x00007fa559ec6ee8,0x00007fa571580000)
 Metaspace       used 5358K, capacity 5409K, committed 5632K, reserved 8192K
Event: 68.249 GC heap after
Heap after GC invocations=11 (full 1):
 PSYoungGen      total 7060480K, used 0K [0x00007faa53580000, 0x00007fae65000000, 0x00007fae65000000)
  eden space 6775296K, 0% used [0x00007faa53580000,0x00007faa53580000,0x00007fabf0e00000)
  from space 285184K, 0% used [0x00007fae53980000,0x00007fae53980000,0x00007fae65000000)
  to   space 5145600K, 0% used [0x00007fabf0e00000,0x00007fabf0e00000,0x00007fad2af00000)
 ParOldGen       total 25713664K, used 13253545K [0x00007fa230000000, 0x00007fa851700000, 0x00007faa53580000)
  object space 25713664K, 51% used [0x00007fa230000000,0x00007fa558eea690,0x00007fa851700000)
 Metaspace       used 5358K, capacity 5409K, committed 5632K, reserved 8192K
}
Event: 69.440 GC heap before
{Heap before GC invocations=12 (full 1):
 PSYoungGen      total 7060480K, used 6775296K [0x00007faa53580000, 0x00007fae65000000, 0x00007fae65000000)
  eden space 6775296K, 100% used [0x00007faa53580000,0x00007fabf0e00000,0x00007fabf0e00000)
  from space 285184K, 0% used [0x00007fae53980000,0x00007fae53980000,0x00007fae65000000)
  to   space 5145600K, 0% used [0x00007fabf0e00000,0x00007fabf0e00000,0x00007fad2af00000)
 ParOldGen       total 25713664K, used 13253545K [0x00007fa230000000, 0x00007fa851700000, 0x00007faa53580000)
  object space 25713664K, 51% used [0x00007fa230000000,0x00007fa558eea690,0x00007fa851700000)
 Metaspace       used 5358K, capacity 5409K, committed 5632K, reserved 8192K
Event: 70.234 GC heap after
Heap after GC invocations=12 (full 1):
 PSYoungGen      total 11920896K, used 5145592K [0x00007faa53580000, 0x00007fae65000000, 0x00007fae65000000)
  eden space 6775296K, 0% used [0x00007faa53580000,0x00007faa53580000,0x00007fabf0e00000)
  from space 5145600K, 99% used [0x00007fabf0e00000,0x00007fad2aefe2d0,0x00007fad2af00000)
  to   space 5145600K, 0% used [0x00007fad2af00000,0x00007fad2af00000,0x00007fae65000000)
 ParOldGen       total 25713664K, used 14967473K [0x00007fa230000000, 0x00007fa851700000, 0x00007faa53580000)
  object space 25713664K, 58% used [0x00007fa230000000,0x00007fa5c18ac690,0x00007fa851700000)
 Metaspace       used 5358K, capacity 5409K, committed 5632K, reserved 8192K
}
Event: 71.414 GC heap before
{Heap before GC invocations=13 (full 1):
 PSYoungGen      total 11920896K, used 11920888K [0x00007faa53580000, 0x00007fae65000000, 0x00007fae65000000)
  eden space 6775296K, 100% used [0x00007faa53580000,0x00007fabf0e00000,0x00007fabf0e00000)
  from space 5145600K, 99% used [0x00007fabf0e00000,0x00007fad2aefe2d0,0x00007fad2af00000)
  to   space 5145600K, 0% used [0x00007fad2af00000,0x00007fad2af00000,0x00007fae65000000)
 ParOldGen       total 25713664K, used 14967473K [0x00007fa230000000, 0x00007fa851700000, 0x00007faa53580000)
  object space 25713664K, 58% used [0x00007fa230000000,0x00007fa5c18ac690,0x00007fa851700000)
 Metaspace       used 5358K, capacity 5409K, committed 5632K, reserved 8192K
Event: 76.056 GC heap after
Heap after GC invocations=13 (full 1):
 PSYoungGen      total 10834432K, used 5145596K [0x00007faa53580000, 0x00007fae65000000, 0x00007fae65000000)
  eden space 5688832K, 0% used [0x00007faa53580000,0x00007faa53580000,0x00007fabae900000)
  from space 5145600K, 99% used [0x00007fad2af00000,0x00007fae64fff220,0x00007fae65000000)
  to   space 5688832K, 0% used [0x00007fabae900000,0x00007fabae900000,0x00007fad09c80000)
 ParOldGen       total 25713664K, used 21925131K [0x00007fa230000000, 0x00007fa851700000, 0x00007faa53580000)
  object space 25713664K, 85% used [0x00007fa230000000,0x00007fa76a342fe0,0x00007fa851700000)
 Metaspace       used 5358K, capacity 5409K, committed 5632K, reserved 8192K
}
Event: 76.056 GC heap before
{Heap before GC invocations=14 (full 2):
 PSYoungGen      total 10834432K, used 5145596K [0x00007faa53580000, 0x00007fae65000000, 0x00007fae65000000)
  eden space 5688832K, 0% used [0x00007faa53580000,0x00007faa53580000,0x00007fabae900000)
  from space 5145600K, 99% used [0x00007fad2af00000,0x00007fae64fff220,0x00007fae65000000)
  to   space 5688832K, 0% used [0x00007fabae900000,0x00007fabae900000,0x00007fad09c80000)
 ParOldGen       total 25713664K, used 21925131K [0x00007fa230000000, 0x00007fa851700000, 0x00007faa53580000)
  object space 25713664K, 85% used [0x00007fa230000000,0x00007fa76a342fe0,0x00007fa851700000)
 Metaspace       used 5358K, capacity 5409K, committed 5632K, reserved 8192K

