# JRE version: Java(TM) SE Runtime Environment (8.0_66-b17) (build 1.8.0_66-b17)
# Java VM: Java HotSpot(TM) 64-Bit Server VM (25.66-b17 mixed mode linux-amd64 )
Heap:
 PSYoungGen      total 21333504K, used 0K [0x00007fbcbad80000, 0x00007fc205000000, 0x00007fc205000000)
  eden space 20480512K, 0% used [0x00007fbcbad80000,0x00007fbcbad80000,0x00007fc19ce00000)
  from space 852992K, 0% used [0x00007fc19ce00000,0x00007fc19ce00000,0x00007fc1d0f00000)
  to   space 852992K, 0% used [0x00007fc1d0f00000,0x00007fc1d0f00000,0x00007fc205000000)
 ParOldGen       total 13653504K, used 11539478K [0x00007fb226800000, 0x00007fb567d80000, 0x00007fbcbad80000)
  object space 13653504K, 84% used [0x00007fb226800000,0x00007fb4e6d058f0,0x00007fb567d80000)
 Metaspace       used 5503K, capacity 5601K, committed 5632K, reserved 8192K
GC Heap History (10 events):
Event: 3.936 GC heap after
Heap after GC invocations=1 (full 0):
 PSYoungGen      total 5973504K, used 178046K [0x00007fbcbad80000, 0x00007fbf94080000, 0x00007fc205000000)
  eden space 5120512K, 0% used [0x00007fbcbad80000,0x00007fbcbad80000,0x00007fbdf3600000)
  from space 852992K, 20% used [0x00007fbdf3600000,0x00007fbdfe3df978,0x00007fbe27700000)
  to   space 852992K, 0% used [0x00007fbf5ff80000,0x00007fbf5ff80000,0x00007fbf94080000)
 ParOldGen       total 13653504K, used 39K [0x00007fb226800000, 0x00007fb567d80000, 0x00007fbcbad80000)
  object space 13653504K, 0% used [0x00007fb226800000,0x00007fb226809c70,0x00007fb567d80000)
 Metaspace       used 5165K, capacity 5217K, committed 5376K, reserved 8192K
}
Event: 6.283 GC heap before
{Heap before GC invocations=2 (full 0):
 PSYoungGen      total 5973504K, used 5298558K [0x00007fbcbad80000, 0x00007fbf94080000, 0x00007fc205000000)
  eden space 5120512K, 100% used [0x00007fbcbad80000,0x00007fbdf3600000,0x00007fbdf3600000)
  from space 852992K, 20% used [0x00007fbdf3600000,0x00007fbdfe3df978,0x00007fbe27700000)
  to   space 852992K, 0% used [0x00007fbf5ff80000,0x00007fbf5ff80000,0x00007fbf94080000)
 ParOldGen       total 13653504K, used 39K [0x00007fb226800000, 0x00007fb567d80000, 0x00007fbcbad80000)
  object space 13653504K, 0% used [0x00007fb226800000,0x00007fb226809c70,0x00007fb567d80000)
 Metaspace       used 5193K, capacity 5281K, committed 5376K, reserved 8192K
Event: 6.396 GC heap after
Heap after GC invocations=2 (full 0):
 PSYoungGen      total 11094016K, used 182184K [0x00007fbcbad80000, 0x00007fbf94080000, 0x00007fc205000000)
  eden space 10241024K, 0% used [0x00007fbcbad80000,0x00007fbcbad80000,0x00007fbf2be80000)
  from space 852992K, 21% used [0x00007fbf5ff80000,0x00007fbf6b16a340,0x00007fbf94080000)
  to   space 852992K, 0% used [0x00007fbf2be80000,0x00007fbf2be80000,0x00007fbf5ff80000)
 ParOldGen       total 13653504K, used 47K [0x00007fb226800000, 0x00007fb567d80000, 0x00007fbcbad80000)
  object space 13653504K, 0% used [0x00007fb226800000,0x00007fb22680bc70,0x00007fb567d80000)
 Metaspace       used 5193K, capacity 5281K, committed 5376K, reserved 8192K
}
Event: 11.991 GC heap before
{Heap before GC invocations=3 (full 0):
 PSYoungGen      total 11094016K, used 10423208K [0x00007fbcbad80000, 0x00007fbf94080000, 0x00007fc205000000)
  eden space 10241024K, 100% used [0x00007fbcbad80000,0x00007fbf2be80000,0x00007fbf2be80000)
  from space 852992K, 21% used [0x00007fbf5ff80000,0x00007fbf6b16a340,0x00007fbf94080000)
  to   space 852992K, 0% used [0x00007fbf2be80000,0x00007fbf2be80000,0x00007fbf5ff80000)
 ParOldGen       total 13653504K, used 47K [0x00007fb226800000, 0x00007fb567d80000, 0x00007fbcbad80000)
  object space 13653504K, 0% used [0x00007fb226800000,0x00007fb22680bc70,0x00007fb567d80000)
 Metaspace       used 5211K, capacity 5281K, committed 5376K, reserved 8192K
Event: 12.132 GC heap after
Heap after GC invocations=3 (full 0):
 PSYoungGen      total 11094016K, used 190347K [0x00007fbcbad80000, 0x00007fc205000000, 0x00007fc205000000)
  eden space 10241024K, 0% used [0x00007fbcbad80000,0x00007fbcbad80000,0x00007fbf2be80000)
  from space 852992K, 22% used [0x00007fbf2be80000,0x00007fbf37862c00,0x00007fbf5ff80000)
  to   space 852992K, 0% used [0x00007fc1d0f00000,0x00007fc1d0f00000,0x00007fc205000000)
 ParOldGen       total 13653504K, used 183K [0x00007fb226800000, 0x00007fb567d80000, 0x00007fbcbad80000)
  object space 13653504K, 0% used [0x00007fb226800000,0x00007fb22682dc88,0x00007fb567d80000)
 Metaspace       used 5211K, capacity 5281K, committed 5376K, reserved 8192K
}
Event: 16.453 GC heap before
{Heap before GC invocations=4 (full 0):
 PSYoungGen      total 11094016K, used 10431371K [0x00007fbcbad80000, 0x00007fc205000000, 0x00007fc205000000)
  eden space 10241024K, 100% used [0x00007fbcbad80000,0x00007fbf2be80000,0x00007fbf2be80000)
  from space 852992K, 22% used [0x00007fbf2be80000,0x00007fbf37862c00,0x00007fbf5ff80000)
  to   space 852992K, 0% used [0x00007fc1d0f00000,0x00007fc1d0f00000,0x00007fc205000000)
 ParOldGen       total 13653504K, used 183K [0x00007fb226800000, 0x00007fb567d80000, 0x00007fbcbad80000)
  object space 13653504K, 0% used [0x00007fb226800000,0x00007fb22682dc88,0x00007fb567d80000)
 Metaspace       used 5311K, capacity 5345K, committed 5376K, reserved 8192K
Event: 19.247 GC heap after
Heap after GC invocations=4 (full 0):
 PSYoungGen      total 21333504K, used 852964K [0x00007fbcbad80000, 0x00007fc205000000, 0x00007fc205000000)
  eden space 20480512K, 0% used [0x00007fbcbad80000,0x00007fbcbad80000,0x00007fc19ce00000)
  from space 852992K, 99% used [0x00007fc1d0f00000,0x00007fc204ff9010,0x00007fc205000000)
  to   space 852992K, 0% used [0x00007fc19ce00000,0x00007fc19ce00000,0x00007fc1d0f00000)
 ParOldGen       total 13653504K, used 2174513K [0x00007fb226800000, 0x00007fb567d80000, 0x00007fbcbad80000)
  object space 13653504K, 15% used [0x00007fb226800000,0x00007fb2ab38c500,0x00007fb567d80000)
 Metaspace       used 5311K, capacity 5345K, committed 5376K, reserved 8192K
}
Event: 74.577 GC heap before
{Heap before GC invocations=5 (full 0):
 PSYoungGen      total 21333504K, used 21333476K [0x00007fbcbad80000, 0x00007fc205000000, 0x00007fc205000000)
  eden space 20480512K, 100% used [0x00007fbcbad80000,0x00007fc19ce00000,0x00007fc19ce00000)
  from space 852992K, 99% used [0x00007fc1d0f00000,0x00007fc204ff9010,0x00007fc205000000)
  to   space 852992K, 0% used [0x00007fc19ce00000,0x00007fc19ce00000,0x00007fc1d0f00000)
 ParOldGen       total 13653504K, used 2174513K [0x00007fb226800000, 0x00007fb567d80000, 0x00007fbcbad80000)
  object space 13653504K, 15% used [0x00007fb226800000,0x00007fb2ab38c500,0x00007fb567d80000)
 Metaspace       used 5503K, capacity 5601K, committed 5632K, reserved 8192K
Event: 81.986 GC heap after
Heap after GC invocations=5 (full 0):
 PSYoungGen      total 21333504K, used 852971K [0x00007fbcbad80000, 0x00007fc205000000, 0x00007fc205000000)
  eden space 20480512K, 0% used [0x00007fbcbad80000,0x00007fbcbad80000,0x00007fc19ce00000)
  from space 852992K, 99% used [0x00007fc19ce00000,0x00007fc1d0efacd0,0x00007fc1d0f00000)
  to   space 852992K, 0% used [0x00007fc1d0f00000,0x00007fc1d0f00000,0x00007fc205000000)
 ParOldGen       total 13653504K, used 10986317K [0x00007fb226800000, 0x00007fb567d80000, 0x00007fbcbad80000)
  object space 13653504K, 80% used [0x00007fb226800000,0x00007fb4c50d3670,0x00007fb567d80000)
 Metaspace       used 5503K, capacity 5601K, committed 5632K, reserved 8192K
}
Event: 81.987 GC heap before
{Heap before GC invocations=6 (full 1):
 PSYoungGen      total 21333504K, used 852971K [0x00007fbcbad80000, 0x00007fc205000000, 0x00007fc205000000)
  eden space 20480512K, 0% used [0x00007fbcbad80000,0x00007fbcbad80000,0x00007fc19ce00000)
  from space 852992K, 99% used [0x00007fc19ce00000,0x00007fc1d0efacd0,0x00007fc1d0f00000)
  to   space 852992K, 0% used [0x00007fc1d0f00000,0x00007fc1d0f00000,0x00007fc205000000)
 ParOldGen       total 13653504K, used 10986317K [0x00007fb226800000, 0x00007fb567d80000, 0x00007fbcbad80000)
  object space 13653504K, 80% used [0x00007fb226800000,0x00007fb4c50d3670,0x00007fb567d80000)
 Metaspace       used 5503K, capacity 5601K, committed 5632K, reserved 8192K

