# JRE version: Java(TM) SE Runtime Environment (8.0_66-b17) (build 1.8.0_66-b17)
# Java VM: Java HotSpot(TM) 64-Bit Server VM (25.66-b17 mixed mode linux-amd64 )
Heap:
 PSYoungGen      total 21333504K, used 291823K [0x00007faa2ed80000, 0x00007faf79000000, 0x00007faf79000000)
  eden space 20480512K, 0% used [0x00007faa2ed80000,0x00007faa2ed80000,0x00007faf10e00000)
  from space 852992K, 34% used [0x00007faf10e00000,0x00007faf22afbda8,0x00007faf44f00000)
  to   space 852992K, 0% used [0x00007faf44f00000,0x00007faf44f00000,0x00007faf79000000)
 ParOldGen       total 20674048K, used 20673908K [0x00007f9f9a800000, 0x00007fa488580000, 0x00007faa2ed80000)
  object space 20674048K, 99% used [0x00007f9f9a800000,0x00007fa48855d068,0x00007fa488580000)
 Metaspace       used 5358K, capacity 5409K, committed 5632K, reserved 8192K
GC Heap History (10 events):
Event: 3.899 GC heap after
Heap after GC invocations=1 (full 0):
 PSYoungGen      total 5973504K, used 178719K [0x00007faa2ed80000, 0x00007fad08080000, 0x00007faf79000000)
  eden space 5120512K, 0% used [0x00007faa2ed80000,0x00007faa2ed80000,0x00007fab67600000)
  from space 852992K, 20% used [0x00007fab67600000,0x00007fab72487c80,0x00007fab9b700000)
  to   space 852992K, 0% used [0x00007facd3f80000,0x00007facd3f80000,0x00007fad08080000)
 ParOldGen       total 13653504K, used 35K [0x00007f9f9a800000, 0x00007fa2dbd80000, 0x00007faa2ed80000)
  object space 13653504K, 0% used [0x00007f9f9a800000,0x00007f9f9a808c58,0x00007fa2dbd80000)
 Metaspace       used 5164K, capacity 5217K, committed 5376K, reserved 8192K
}
Event: 6.625 GC heap before
{Heap before GC invocations=2 (full 0):
 PSYoungGen      total 5973504K, used 5299231K [0x00007faa2ed80000, 0x00007fad08080000, 0x00007faf79000000)
  eden space 5120512K, 100% used [0x00007faa2ed80000,0x00007fab67600000,0x00007fab67600000)
  from space 852992K, 20% used [0x00007fab67600000,0x00007fab72487c80,0x00007fab9b700000)
  to   space 852992K, 0% used [0x00007facd3f80000,0x00007facd3f80000,0x00007fad08080000)
 ParOldGen       total 13653504K, used 35K [0x00007f9f9a800000, 0x00007fa2dbd80000, 0x00007faa2ed80000)
  object space 13653504K, 0% used [0x00007f9f9a800000,0x00007f9f9a808c58,0x00007fa2dbd80000)
 Metaspace       used 5192K, capacity 5281K, committed 5376K, reserved 8192K
Event: 6.701 GC heap after
Heap after GC invocations=2 (full 0):
 PSYoungGen      total 11094016K, used 186247K [0x00007faa2ed80000, 0x00007fad08080000, 0x00007faf79000000)
  eden space 10241024K, 0% used [0x00007faa2ed80000,0x00007faa2ed80000,0x00007fac9fe80000)
  from space 852992K, 21% used [0x00007facd3f80000,0x00007facdf561cf0,0x00007fad08080000)
  to   space 852992K, 0% used [0x00007fac9fe80000,0x00007fac9fe80000,0x00007facd3f80000)
 ParOldGen       total 13653504K, used 43K [0x00007f9f9a800000, 0x00007fa2dbd80000, 0x00007faa2ed80000)
  object space 13653504K, 0% used [0x00007f9f9a800000,0x00007f9f9a80ac58,0x00007fa2dbd80000)
 Metaspace       used 5192K, capacity 5281K, committed 5376K, reserved 8192K
}
Event: 11.976 GC heap before
{Heap before GC invocations=3 (full 0):
 PSYoungGen      total 11094016K, used 10427271K [0x00007faa2ed80000, 0x00007fad08080000, 0x00007faf79000000)
  eden space 10241024K, 100% used [0x00007faa2ed80000,0x00007fac9fe80000,0x00007fac9fe80000)
  from space 852992K, 21% used [0x00007facd3f80000,0x00007facdf561cf0,0x00007fad08080000)
  to   space 852992K, 0% used [0x00007fac9fe80000,0x00007fac9fe80000,0x00007facd3f80000)
 ParOldGen       total 13653504K, used 43K [0x00007f9f9a800000, 0x00007fa2dbd80000, 0x00007faa2ed80000)
  object space 13653504K, 0% used [0x00007f9f9a800000,0x00007f9f9a80ac58,0x00007fa2dbd80000)
 Metaspace       used 5210K, capacity 5281K, committed 5376K, reserved 8192K
Event: 12.064 GC heap after
Heap after GC invocations=3 (full 0):
 PSYoungGen      total 11094016K, used 201430K [0x00007faa2ed80000, 0x00007faf79000000, 0x00007faf79000000)
  eden space 10241024K, 0% used [0x00007faa2ed80000,0x00007faa2ed80000,0x00007fac9fe80000)
  from space 852992K, 23% used [0x00007fac9fe80000,0x00007facac335828,0x00007facd3f80000)
  to   space 852992K, 0% used [0x00007faf44f00000,0x00007faf44f00000,0x00007faf79000000)
 ParOldGen       total 13653504K, used 179K [0x00007f9f9a800000, 0x00007fa2dbd80000, 0x00007faa2ed80000)
  object space 13653504K, 0% used [0x00007f9f9a800000,0x00007f9f9a82cc70,0x00007fa2dbd80000)
 Metaspace       used 5210K, capacity 5281K, committed 5376K, reserved 8192K
}
Event: 16.700 GC heap before
{Heap before GC invocations=4 (full 0):
 PSYoungGen      total 11094016K, used 10442454K [0x00007faa2ed80000, 0x00007faf79000000, 0x00007faf79000000)
  eden space 10241024K, 100% used [0x00007faa2ed80000,0x00007fac9fe80000,0x00007fac9fe80000)
  from space 852992K, 23% used [0x00007fac9fe80000,0x00007facac335828,0x00007facd3f80000)
  to   space 852992K, 0% used [0x00007faf44f00000,0x00007faf44f00000,0x00007faf79000000)
 ParOldGen       total 13653504K, used 179K [0x00007f9f9a800000, 0x00007fa2dbd80000, 0x00007faa2ed80000)
  object space 13653504K, 0% used [0x00007f9f9a800000,0x00007f9f9a82cc70,0x00007fa2dbd80000)
 Metaspace       used 5315K, capacity 5345K, committed 5376K, reserved 8192K
Event: 17.643 GC heap after
Heap after GC invocations=4 (full 0):
 PSYoungGen      total 21333504K, used 852991K [0x00007faa2ed80000, 0x00007faf79000000, 0x00007faf79000000)
  eden space 20480512K, 0% used [0x00007faa2ed80000,0x00007faa2ed80000,0x00007faf10e00000)
  from space 852992K, 99% used [0x00007faf44f00000,0x00007faf78fffd18,0x00007faf79000000)
  to   space 852992K, 0% used [0x00007faf10e00000,0x00007faf10e00000,0x00007faf44f00000)
 ParOldGen       total 13653504K, used 2156653K [0x00007f9f9a800000, 0x00007fa2dbd80000, 0x00007faa2ed80000)
  object space 13653504K, 15% used [0x00007f9f9a800000,0x00007fa01e21b450,0x00007fa2dbd80000)
 Metaspace       used 5315K, capacity 5345K, committed 5376K, reserved 8192K
}
Event: 22.361 GC heap before
{Heap before GC invocations=5 (full 0):
 PSYoungGen      total 21333504K, used 21333503K [0x00007faa2ed80000, 0x00007faf79000000, 0x00007faf79000000)
  eden space 20480512K, 100% used [0x00007faa2ed80000,0x00007faf10e00000,0x00007faf10e00000)
  from space 852992K, 99% used [0x00007faf44f00000,0x00007faf78fffd18,0x00007faf79000000)
  to   space 852992K, 0% used [0x00007faf10e00000,0x00007faf10e00000,0x00007faf44f00000)
 ParOldGen       total 13653504K, used 2156653K [0x00007f9f9a800000, 0x00007fa2dbd80000, 0x00007faa2ed80000)
  object space 13653504K, 15% used [0x00007f9f9a800000,0x00007fa01e21b450,0x00007fa2dbd80000)
 Metaspace       used 5358K, capacity 5409K, committed 5632K, reserved 8192K
Event: 30.288 GC heap after
Heap after GC invocations=5 (full 0):
 PSYoungGen      total 21333504K, used 852970K [0x00007faa2ed80000, 0x00007faf79000000, 0x00007faf79000000)
  eden space 20480512K, 0% used [0x00007faa2ed80000,0x00007faa2ed80000,0x00007faf10e00000)
  from space 852992K, 99% used [0x00007faf10e00000,0x00007faf44efa888,0x00007faf44f00000)
  to   space 852992K, 0% used [0x00007faf44f00000,0x00007faf44f00000,0x00007faf79000000)
 ParOldGen       total 20674048K, used 20669993K [0x00007f9f9a800000, 0x00007fa488580000, 0x00007faa2ed80000)
  object space 20674048K, 99% used [0x00007f9f9a800000,0x00007fa48818a6e0,0x00007fa488580000)
 Metaspace       used 5358K, capacity 5409K, committed 5632K, reserved 8192K
}
Event: 30.288 GC heap before
{Heap before GC invocations=6 (full 1):
 PSYoungGen      total 21333504K, used 852970K [0x00007faa2ed80000, 0x00007faf79000000, 0x00007faf79000000)
  eden space 20480512K, 0% used [0x00007faa2ed80000,0x00007faa2ed80000,0x00007faf10e00000)
  from space 852992K, 99% used [0x00007faf10e00000,0x00007faf44efa888,0x00007faf44f00000)
  to   space 852992K, 0% used [0x00007faf44f00000,0x00007faf44f00000,0x00007faf79000000)
 ParOldGen       total 20674048K, used 20669993K [0x00007f9f9a800000, 0x00007fa488580000, 0x00007faa2ed80000)
  object space 20674048K, 99% used [0x00007f9f9a800000,0x00007fa48818a6e0,0x00007fa488580000)
 Metaspace       used 5358K, capacity 5409K, committed 5632K, reserved 8192K

